  App.cpp
C:\Users\s201031\Desktop\TicTacToe\IntroToCPP\Exercise17_FileIO_Struct\Dragon.h(3,1): error C2011: 'Dragon': 'class' type redefinition
C:\Users\s201031\Desktop\TicTacToe\IntroToCPP\Exercise17_FileIO_Struct\Dragon.h(2): message : see declaration of 'Dragon'
C:\Users\s201031\Desktop\TicTacToe\IntroToCPP\Exercise17_FileIO_Struct\App.cpp(7,1): error C2660: '__ehvec_ctor': function does not take 4 arguments
C:\Users\s201031\Desktop\TicTacToe\IntroToCPP\Exercise17_FileIO_Struct\App.cpp(7): message : see declaration of '__ehvec_ctor'
C:\Users\s201031\Desktop\TicTacToe\IntroToCPP\Exercise17_FileIO_Struct\App.cpp(19,23): error C2027: use of undefined type 'Dragon'
C:\Users\s201031\Desktop\TicTacToe\IntroToCPP\Exercise17_FileIO_Struct\Dragon.h(2): message : see declaration of 'Dragon'
C:\Users\s201031\Desktop\TicTacToe\IntroToCPP\Exercise17_FileIO_Struct\App.cpp(20,23): error C2027: use of undefined type 'Dragon'
C:\Users\s201031\Desktop\TicTacToe\IntroToCPP\Exercise17_FileIO_Struct\Dragon.h(2): message : see declaration of 'Dragon'
C:\Users\s201031\Desktop\TicTacToe\IntroToCPP\Exercise17_FileIO_Struct\App.cpp(21,23): error C2027: use of undefined type 'Dragon'
C:\Users\s201031\Desktop\TicTacToe\IntroToCPP\Exercise17_FileIO_Struct\Dragon.h(2): message : see declaration of 'Dragon'
C:\Users\s201031\Desktop\TicTacToe\IntroToCPP\Exercise17_FileIO_Struct\App.cpp(22,23): error C2027: use of undefined type 'Dragon'
C:\Users\s201031\Desktop\TicTacToe\IntroToCPP\Exercise17_FileIO_Struct\Dragon.h(2): message : see declaration of 'Dragon'
C:\Users\s201031\Desktop\TicTacToe\IntroToCPP\Exercise17_FileIO_Struct\App.cpp(23,23): error C2027: use of undefined type 'Dragon'
C:\Users\s201031\Desktop\TicTacToe\IntroToCPP\Exercise17_FileIO_Struct\Dragon.h(2): message : see declaration of 'Dragon'
C:\Users\s201031\Desktop\TicTacToe\IntroToCPP\Exercise17_FileIO_Struct\App.cpp(28,23): error C2027: use of undefined type 'Dragon'
C:\Users\s201031\Desktop\TicTacToe\IntroToCPP\Exercise17_FileIO_Struct\Dragon.h(2): message : see declaration of 'Dragon'
C:\Users\s201031\Desktop\TicTacToe\IntroToCPP\Exercise17_FileIO_Struct\App.cpp(29,23): error C2027: use of undefined type 'Dragon'
C:\Users\s201031\Desktop\TicTacToe\IntroToCPP\Exercise17_FileIO_Struct\Dragon.h(2): message : see declaration of 'Dragon'
C:\Users\s201031\Desktop\TicTacToe\IntroToCPP\Exercise17_FileIO_Struct\App.cpp(30,23): error C2027: use of undefined type 'Dragon'
C:\Users\s201031\Desktop\TicTacToe\IntroToCPP\Exercise17_FileIO_Struct\Dragon.h(2): message : see declaration of 'Dragon'
C:\Users\s201031\Desktop\TicTacToe\IntroToCPP\Exercise17_FileIO_Struct\App.cpp(31,23): error C2027: use of undefined type 'Dragon'
C:\Users\s201031\Desktop\TicTacToe\IntroToCPP\Exercise17_FileIO_Struct\Dragon.h(2): message : see declaration of 'Dragon'
C:\Users\s201031\Desktop\TicTacToe\IntroToCPP\Exercise17_FileIO_Struct\App.cpp(32,23): error C2027: use of undefined type 'Dragon'
C:\Users\s201031\Desktop\TicTacToe\IntroToCPP\Exercise17_FileIO_Struct\Dragon.h(2): message : see declaration of 'Dragon'
C:\Users\s201031\Desktop\TicTacToe\IntroToCPP\Exercise17_FileIO_Struct\App.cpp(38,15): error C2027: use of undefined type 'Dragon'
C:\Users\s201031\Desktop\TicTacToe\IntroToCPP\Exercise17_FileIO_Struct\Dragon.h(2): message : see declaration of 'Dragon'
  Dragn.cpp
C:\Users\s201031\Desktop\TicTacToe\IntroToCPP\Exercise17_FileIO_Struct\Dragn.cpp(11,2): error C4996: 'strcpy': This function or variable may be unsafe. Consider using strcpy_s instead. To disable deprecation, use _CRT_SECURE_NO_WARNINGS. See online help for details.
C:\Program Files (x86)\Windows Kits\10\Include\10.0.18362.0\ucrt\string.h(133): message : see declaration of 'strcpy'
C:\Users\s201031\Desktop\TicTacToe\IntroToCPP\Exercise17_FileIO_Struct\Dragn.cpp(21,2): error C4996: 'strcpy': This function or variable may be unsafe. Consider using strcpy_s instead. To disable deprecation, use _CRT_SECURE_NO_WARNINGS. See online help for details.
C:\Program Files (x86)\Windows Kits\10\Include\10.0.18362.0\ucrt\string.h(133): message : see declaration of 'strcpy'
C:\Users\s201031\Desktop\TicTacToe\IntroToCPP\Exercise17_FileIO_Struct\Dragn.cpp(23,8): error C3861: 'time': identifier not found
  main.cpp
